<?xml version="1.0" encoding="UTF-8"?>
<!-- Generated by org.testng.reporters.JUnitReportReporter -->
<testsuite skipped="0" hostname="DESKTOP-437EQGF" name="WebAPIAutomationTestSuite.APITestBase" tests="4" failures="0" timestamp="30 Jun 2019 15:50:47 GMT" time="18.680" errors="0">
  <testcase name="AmazonPrimeTest" time="2.818" classname="WebAPIAutomationTestSuite.APITestBase"/>
  <testcase name="OpenProductDescription" time="2.183" classname="WebAPIAutomationTestSuite.APITestBase"/>
  <testcase name="AmazonHomePageTest" time="12.775" classname="WebAPIAutomationTestSuite.APITestBase"/>
  <testcase name="AmazonOpenCartTest" time="0.904" classname="WebAPIAutomationTestSuite.APITestBase"/>
</testsuite> <!-- WebAPIAutomationTestSuite.APITestBase -->
