<?xml version="1.0" encoding="UTF-8"?>
<!-- Generated by org.testng.reporters.JUnitReportReporter -->
<testsuite skipped="0" hostname="DESKTOP-437EQGF" name="SeleniumUIAutomationTestSuite.SeleniumTestSetup" tests="2" failures="0" timestamp="23 Jun 2019 12:16:36 GMT" time="19.173" errors="0">
  <testcase name="LoadAmazonWebsiteTestCase" time="5.885" classname="SeleniumUIAutomationTestSuite.SeleniumTestSetup"/>
  <testcase name="LoginToAmazonWebsiteTestCase" time="13.288" classname="SeleniumUIAutomationTestSuite.SeleniumTestSetup"/>
</testsuite> <!-- SeleniumUIAutomationTestSuite.SeleniumTestSetup -->
