<?xml version="1.0" encoding="UTF-8"?>
<!-- Generated by org.testng.reporters.JUnitReportReporter -->
<testsuite skipped="0" hostname="DESKTOP-437EQGF" name="CapstoneAmazonAutomationTesting.TC001" tests="1" failures="0" timestamp="22 Jun 2019 15:53:51 GMT" time="10.945" errors="0">
  <testcase name="AmazonPrimeTest" time="10.945" classname="CapstoneAmazonAutomationTesting.TC001"/>
</testsuite> <!-- CapstoneAmazonAutomationTesting.TC001 -->
